<?xml version="1.0" encoding="UTF-8"?>
<!-- Generated by org.testng.reporters.JUnitXMLReporter -->
<testsuite hostname="DESKTOP-8KH96IG" ignored="0" name="Default test" tests="6" failures="0" timestamp="22 Jul 2020 19:33:45 GMT" time="584.202" errors="0">
  <testcase name="Parameterizationtest" time="126.663" classname="com.amazon.testscripts.AmazonTest"/>
  <testcase name="simpleLoginTest" time="2.905" classname="com.amazon.testscripts.AmazonTest"/>
  <testcase name="HeadphoneAdd" time="23.128" classname="com.amazon.testscripts.AmazonTest"/>
  <testcase name="MacBookProAdd" time="42.594" classname="com.amazon.testscripts.AmazonTest"/>
  <testcase name="ReduceQuantityMacBookPro" time="13.823" classname="com.amazon.testscripts.AmazonTest"/>
  <testcase name="deleteHeadPhones" time="7.096" classname="com.amazon.testscripts.AmazonTest"/>
</testsuite> <!-- Default test -->
